0 10 0.401024942980659
0 6 0.4968168580289668
0 8 0.4948607526879189
0 7 0.5392942694341147
0 17 0.30949349735859855
0 4 0.5970247753843337
0 5 0.6533611635990517
0 15 0.2621144447130818
0 9 0.4688837867170724
0 3 0.5357252009833233
0 24 0.21841614917184166
0 12 0.485213764824052
0 16 0.3295075783235531
0 19 0.21194977329271858
0 14 0.3062948235495484
0 11 0.3731039321741119
0 30 0.2236690896343262
0 23 0.44728240725079055
0 2 0.7053599415854007
0 21 0.2012392212197324
0 13 0.7131052373850082
1 17 0.49345003567131634
1 4 0.8725266456571131
1 3 0.9152466037119683
1 6 0.7399985517839038
1 8 0.6809580890339695
1 24 0.3817798875582673
1 12 0.5841908074142116
1 15 0.3094677052034345
1 9 0.6345505678976717
1 5 0.8537210317925342
1 16 0.4588656391542919
1 10 0.5580296820379825
1 7 0.7270083877650952
1 19 0.3947921551875693
1 14 0.4607730435148347
1 11 0.5760141271404079
1 30 0.42039511497350235
1 23 0.5590137831075428
1 2 0.8017308300187759
1 31 0.8068935700201195
1 18 0.6629552996306061
1 21 0.2012392212197324
1 32 0.3297442309401321
1 13 0.7638670135325877
1 20 0.3128268316580356
2 8 0.8438136061578738
2 7 0.8688643860913953
2 4 0.9400992410107873
2 10 0.7499577117265699
2 6 0.8797058029046065
2 15 0.295081615728506
2 5 0.9344728705228029
2 2 0.8638831086582829
2 3 0.9853353028848619
2 16 0.6286204253886906
2 23 0.4818631257863187
2 12 0.7211562678122874
2 24 0.63656410784377
2 17 0.6701160481228489
2 9 0.7870612334384863
2 19 0.4182190947929107
2 14 0.6854780664187028
2 11 0.7189173426119804
2 30 0.5746507896742724
2 31 0.6496176721008277
2 13 0.7572414733963335
2 18 0.8426923928402361
2 21 0.2987073932451085
2 32 0.39357811370773854
3 12 0.8998843013025724
3 10 0.9149032025519386
3 5 0.9906679592041469
3 17 0.8470695405815586
3 4 0.9760340560068377
3 7 0.9886766252676243
3 16 0.7904492582763285
3 13 0.8217530200581127
3 23 0.48718323923462115
3 6 0.947447294447237
3 9 0.9176099890806969
3 31 0.5735960668935381
3 8 0.9362509528071385
3 3 1.0
3 14 0.8521806338762951
3 11 0.8503266008271589
3 18 0.7719470998885901
3 21 0.3604767773968662
3 32 0.36325701939312544
3 24 0.7554715008405471
3 30 0.22366908963432613
3 20 0.8259838994071048
3 37 1.0
4 10 0.9641292389727261
4 7 1.0
4 6 0.98997957808429
4 18 0.9286778411802841
4 8 0.9735388567274699
4 13 0.8842442710134836
4 9 0.9876941042680489
4 12 0.9599626302798793
4 5 0.9960877421844379
4 17 0.9366234167308555
4 24 0.809855277900156
4 3 1.0
4 16 0.8511622420810793
4 4 1.0
4 31 0.8047288148528814
4 11 0.9331184316863872
4 21 0.6194705966534217
4 14 0.9015326329069254
4 32 0.3297442309401321
4 23 0.6586139126167934
4 2 1.0
4 20 0.7102997313969357
4 19 0.9107121898044439
4 37 0.8683489841848907
4 15 1.0
5 6 0.9971808112997065
5 23 0.794382621913632
5 5 0.9971191205538883
5 12 0.9752860703999643
5 7 0.9903940458274924
5 10 0.9775623793151323
5 13 0.9937926720470006
5 8 0.989755960246607
5 9 0.9937499552113371
5 24 0.8818592915261323
5 16 0.867355038665479
5 4 1.0
5 18 0.9289683367452416
5 3 1.0
5 31 0.7233629798871225
5 17 0.9541776125911895
5 11 0.989473227413574
5 14 0.9804034778673126
5 21 1.0
5 32 0.3297442309401321
5 2 1.0
5 20 0.9365559854438869
5 19 0.8658168942638852
5 37 0.7805816403081511
5 15 1.0
6 5 0.9991904218973165
6 12 0.9821015955179868
6 7 0.992450687082421
6 6 0.9977673299176174
6 23 0.7855581364006125
6 18 0.9867688301607794
6 8 0.9950483541929452
6 13 0.9495864478753006
6 17 0.9656611891508152
6 9 0.9951520035871487
6 24 0.9346387995876154
6 3 1.0
6 16 0.9344345608190797
6 4 1.0
6 10 0.9850184022641415
6 31 0.8935538996957947
6 11 0.9935329530565953
6 14 0.9894306082053509
6 32 0.3297442309401321
6 21 0.49685673364985783
6 20 1.0
6 2 1.0
6 19 1.0
6 37 0.7839835424308296
6 15 0.9678541868065809
7 9 0.9991623668421388
7 10 0.9908682082044515
7 7 0.9984116785418394
7 24 0.9199528453937857
7 12 0.9959724739584903
7 6 1.0
7 3 1.0
7 8 0.9973318131295762
7 16 0.9828439510440073
7 4 1.0
7 5 1.0
7 11 1.0
7 18 0.9774262083434602
7 31 0.9469892162288442
7 17 0.9915040848443285
7 13 0.9950535385756036
7 14 0.9836798335771301
7 23 0.8257988434482375
7 2 1.0
7 20 0.9829085805075234
7 19 1.0
7 15 0.9732118223388174
7 1 1.0
7 37 1.0
8 5 1.0
8 7 0.9987834287855525
8 4 1.0
8 18 0.9973310969677626
8 12 0.9949102785011992
8 24 0.8852110521171317
8 6 1.0
8 31 0.9713610995609436
8 10 0.996933843189304
8 11 1.0
8 13 0.9872491216615559
8 3 0.9975384375671478
8 16 0.9838209813261212
8 23 0.9199198005654762
8 9 1.0
8 2 1.0
8 14 1.0
8 8 1.0
8 17 1.0
8 20 1.0
8 25 1.0
8 15 0.967854186806581
8 19 0.9049745826404838
8 37 0.8654149517846031
9 9 1.0
9 3 1.0
9 5 1.0
9 16 0.9799147334723318
9 24 0.966373789730941
9 7 0.9985417438791109
9 12 0.992449567792199
9 11 1.0
9 8 1.0
9 4 1.0
9 31 0.9773552880249322
9 10 1.0
9 6 1.0
9 17 1.0
9 20 1.0
9 14 0.9813402925552521
9 18 0.9886699232364492
9 13 1.0
9 23 0.9247263680834947
9 2 1.0
9 15 1.0
9 37 0.8898130596410261
9 19 1.0
10 4 1.0
10 7 1.0
10 3 1.0
10 5 1.0
10 6 1.0
10 8 0.9965718374548569
10 12 0.996983557437314
10 10 0.9989768702394588
10 24 0.9541168961998534
10 16 1.0
10 31 1.0
10 18 1.0
10 13 0.9747139295192696
10 9 0.9975775660083905
10 11 0.9980885527043684
10 14 1.0
10 17 1.0
10 23 0.966141073123894
10 20 1.0
10 19 1.0
10 37 0.885570789139382
10 15 0.9846924699078956
10 1 1.0
10 2 1.0
11 9 1.0
11 6 1.0
11 5 1.0
11 18 0.9911560931136124
11 12 1.0
11 8 1.0
11 7 0.9993882009293051
11 23 0.8934112325137047
11 10 1.0
11 16 1.0
11 31 1.0
11 14 1.0
11 13 1.0
11 11 1.0
11 4 1.0
11 3 1.0
11 2 1.0
11 17 0.9876088653912402
11 24 0.9783143674486633
11 25 1.0
11 15 1.0
11 19 1.0
11 37 0.9494354566299869
11 1 1.0
12 5 1.0
12 10 0.997356372369256
12 7 1.0
12 6 1.0
12 12 0.99880816131561
12 23 0.922565802115503
12 8 1.0
12 14 1.0
12 17 1.0
12 31 1.0
12 9 1.0
12 11 1.0
12 4 1.0
12 18 1.0
12 16 1.0
12 3 1.0
12 2 1.0
12 24 0.9776192892627487
12 25 1.0
12 13 1.0
12 15 1.0
12 37 0.9189938284115611
12 1 1.0
12 19 1.0
13 5 1.0
13 10 1.0
13 7 1.0
13 6 1.0
13 12 1.0
13 17 1.0
13 8 1.0
13 24 0.9862000520127857
13 14 1.0
13 31 0.989044352083659
13 18 1.0
13 3 1.0
13 9 1.0
13 2 1.0
13 4 1.0
13 16 1.0
13 11 1.0
13 23 0.976162742785545
13 15 1.0
13 25 1.0
13 13 1.0
13 19 1.0
13 37 0.9806395564977781
14 6 1.0
14 7 1.0
14 14 1.0
14 18 1.0
14 12 1.0
14 16 1.0
14 17 1.0
14 5 1.0
14 10 1.0
14 24 0.9949466398498479
14 8 1.0
14 3 1.0
14 4 1.0
14 23 0.9772629238877506
14 15 1.0
14 11 1.0
14 9 1.0
14 2 1.0
14 31 1.0
14 19 1.0
14 13 1.0
14 37 1.0
15 7 1.0
15 3 1.0
15 6 1.0
15 11 1.0
15 8 1.0
15 9 1.0
15 12 1.0
15 4 1.0
15 37 1.0
15 5 1.0
15 23 0.9652256482989129
15 13 1.0
15 10 1.0
15 16 1.0
15 15 1.0
15 24 1.0
15 31 1.0
15 19 1.0
15 14 1.0
15 17 1.0
15 18 1.0
16 4 1.0
16 18 1.0
16 5 1.0
16 7 1.0
16 19 1.0
16 9 1.0
16 11 1.0
16 12 1.0
16 6 1.0
16 8 1.0
16 15 1.0
16 10 1.0
16 16 1.0
16 3 1.0
16 31 1.0
16 14 1.0
16 17 1.0
16 24 1.0
16 23 0.9781050378178341
16 13 1.0
16 37 1.0
17 6 1.0
17 7 1.0
17 5 1.0
17 3 1.0
17 9 1.0
17 12 1.0
17 11 1.0
17 4 1.0
17 10 1.0
17 23 1.0
17 19 1.0
17 8 1.0
17 14 1.0
17 13 1.0
17 16 1.0
17 15 1.0
17 24 0.9882974817575425
17 17 1.0
17 31 1.0
18 9 1.0
18 6 1.0
18 8 1.0
18 10 1.0
18 16 1.0
18 7 1.0
18 4 1.0
18 5 1.0
18 11 1.0
18 3 1.0
18 23 1.0
18 24 1.0
18 12 1.0
18 13 1.0
18 15 1.0
18 31 1.0
18 14 1.0
18 19 1.0
19 7 1.0
19 10 0.9680861118492506
19 8 0.9942144080140393
19 4 1.0
19 17 1.0
19 6 1.0
19 5 1.0
19 11 1.0
19 3 1.0
19 9 1.0
19 23 1.0
19 15 1.0
19 12 1.0
19 19 1.0
19 37 1.0
19 24 1.0
19 14 1.0
20 7 1.0
20 24 1.0
20 10 1.0
20 12 1.0
20 11 1.0
20 4 1.0
20 6 1.0
20 5 1.0
20 23 1.0
20 8 1.0
20 3 1.0
20 9 1.0
20 15 1.0
20 13 1.0
20 16 1.0
20 31 1.0
21 12 1.0
21 6 1.0
21 5 1.0
21 7 1.0
21 10 1.0
21 23 1.0
21 3 1.0
21 9 1.0
21 24 1.0
21 17 1.0
21 19 1.0
21 4 1.0
21 37 1.0
21 8 1.0
21 11 1.0
22 7 1.0
22 10 1.0
22 5 1.0
22 6 1.0
22 9 1.0
22 11 1.0
22 4 1.0
22 23 1.0
22 12 1.0
23 7 1.0
23 6 1.0
23 8 1.0
23 9 1.0
