[download]	startvideo	0	0	1676960970074	1676960970075	13.4	131148
[download]	startvideo	1	4	1676960970082	1676960970083	13.4	1351433
[download]	v12044gd0000c7bpv0jc77uakaoc0an0	0	3	1676960970555	1676960970556	12.3	302687
[download]	v12044gd0000c8n29rjc77udraqplib0	0	3	1676960971060	1676960971063	164.9	322302
[swipe]	startvideo	1676960971339	0.658485
[download]	v12044gd0000c7bpv0jc77uakaoc0an0	1	3	1676960971350	1676960971353	12.3	246514
[download]	v12044gd0000c8n29rjc77udraqplib0	1	3	1676960971576	1676960971577	164.9	368391
[swipe]	v12044gd0000c7bpv0jc77uakaoc0an0	1676960971971	0.519627
[download]	v12044gd0000cb86asbc77u90p861hj0	0	3	1676960972065	1676960972065	57.6	230179
[download]	v12044gd0000c93gsvrc77ufo4rsjoi0	0	3	1676960972552	1676960972553	53.3	376660
[download]	v12044gd0000c93gsvrc77ufo4rsjoi0	1	3	1676960972558	1676960972558	53.3	505029
[download]	v12044gd0000cb86asbc77u90p861hj0	1	3	1676960972574	1676960972575	57.6	277006
[swipe]	v12044gd0000c8n29rjc77udraqplib0	1676960972610	0.521446
[download]	v09044g40000c3lg95bc77u9h05eekn0	0	2	1676960973020	1676960973027	45.9	198981
[download]	v12044gd0000c8kdmj3c77ufut6g29k0	0	2	1676960973525	1676960973525	12.4	339624
[download]	v12044gd0000c8kdmj3c77ufut6g29k0	1	2	1676960973530	1676960973530	12.4	333035
[swipe]	v12044gd0000c93gsvrc77ufo4rsjoi0	1676960973722	0.561583
[swipe]	v12044gd0000cb86asbc77u90p861hj0	1676960974850	1.01246
[download]	v09044g40000ca5ae3bc77u31g7d81hg	0	3	1676960975024	1676960975024	25.2	217858
[download]	v12044gd0000c9uquobc77ua7eblbb6g	0	4	1676960975521	1676960975521	59.9	191034
[download]	v09044g40000c3lg95bc77u9h05eekn0	1	3	1676960975560	1676960975560	45.9	231813
[download]	v09044g40000ca5ae3bc77u31g7d81hg	1	2	1676960976036	1676960976037	25.2	302473
[download]	v12044gd0000c9uquobc77ua7eblbb6g	1	4	1676960976535	1676960976536	59.9	166357
[download]	v12044gd0000c8kdmj3c77ufut6g29k0	2	2	1676960976878	1676960976880	12.4	188704
[swipe]	v12044gd0000c8kdmj3c77ufut6g29k0	1676960977906	2.942181
[swipe]	v09044g40000c3lg95bc77u9h05eekn0	1676960978642	0.625462
[download]	v09044g40000ca91rkbc77u418299730	0	2	1676960979026	1676960979036	26.6	445714
[swipe]	v09044g40000ca5ae3bc77u31g7d81hg	1676960979346	0.591679
[download]	v09044g40000ca91rkbc77u418299730	1	2	1676960979550	1676960979559	26.6	442282
[download]	v09044g40000c3sb163c77u1q5eb1gn0	0	2	1676960980048	1676960980049	50.1	955908
[download]	v09044g40000c3sb163c77u1q5eb1gn0	1	2	1676960980055	1676960980056	50.1	951598
[download]	v10044g50000c80hmr3c77u9frhk60bg	0	2	1676960980529	1676960980530	15.6	466518
[swipe]	v12044gd0000c9uquobc77ua7eblbb6g	1676960980746	1.287314
[swipe]	v09044g40000c3sb163c77u1q5eb1gn0	1676960981394	0.532363
[download]	v12044gd0000c6t8hibc77u7ta6f311g	0	2	1676960981526	1676960981526	9.2	257485
[swipe]	v09044g40000ca91rkbc77u418299730	1676960981898	0.392367
[download]	v10044g50000c80hmr3c77u9frhk60bg	1	2	1676960981910	1676960981911	15.6	494261
[download]	v12044gd0000c6t8hibc77u7ta6f311g	1	2	1676960982033	1676960982034	9.2	226316
[swipe]	v10044g50000c80hmr3c77u9frhk60bg	1676960982442	0.431303
[swipe]	v09025g40000c5tphj3c77u9non5uja0	1676960990843	0
[swipe]	v12044gd0000c6t8hibc77u7ta6f311g	1676960991994	1.01532
[download]	v12044gd0000c7ks91bc77ueg1m4g43g	0	2	1676960992164	1676960992164	7.5	179857
[download]	v09044g40000c8j4lm3c77uc19rmskng	0	3	1676960992682	1676960992684	60.4	367604
[download]	v09044g40000c79sv4rc77uek1s3e9u0	0	3	1676960993202	1676960993204	10.9	274235
[swipe]	v12044gd0000c7ks91bc77ueg1m4g43g	1676960993700	0.909565
[download]	v09044g40000c8j4lm3c77uc19rmskng	1	3	1676960993710	1676960993714	60.4	292675
[download]	v12044gd0000c61j923c77uf5s9hr9ug	0	3	1676960994033	1676960994034	8.9	760577
[download]	v09044g40000c79sv4rc77uek1s3e9u0	1	3	1676960994219	1676960994219	10.9	191719
[download]	v10025g50000cam7qt3c77ua4t2r0o60	0	3	1676960994551	1676960994554	39.7	706570
[download]	v10025g50000cam7qt3c77ua4t2r0o60	1	3	1676960994559	1676960994560	39.7	611907
[swipe]	v09044g40000c8j4lm3c77uc19rmskng	1676960994874	1.039281
[swipe]	v09044g40000c79sv4rc77uek1s3e9u0	1676960995578	0.58375
[download]	v12044gd0000cb44qebc77u1lqoun22g	0	3	1676960996026	1676960996027	21.7	563293
[swipe]	v10025g50000cam7qt3c77ua4t2r0o60	1676960996266	0.550961
[download]	v12044gd0000cb44qebc77u1lqoun22g	1	3	1676960996536	1676960996538	21.7	645284
[swipe]	v12044gd0000c61j923c77uf5s9hr9ug	1676960996818	0.430073
[download]	v12044gd0000cb44qebc77u1lqoun22g	2	3	1676960997052	1676960997054	21.7	762949
[download]	v12044gd0000c8qduhjc77ufo4vhu490	0	3	1676960997547	1676960997548	104.3	352362
[download]	v12044gd0000c8qduhjc77ufo4vhu490	1	3	1676960997553	1676960997554	104.3	467897
[download]	v12044gd0000cavsjhrc77u10vj68elg	0	3	1676960998023	1676960998023	27.1	332463
[download]	v09044g40000c6ugqd3c77u2124rt93g	0	2	1676960998530	1676960998531	20	1099334
[download]	v12044gd0000cavsjhrc77u10vj68elg	1	3	1676960999033	1676960999033	27.1	297648
[swipe]	v12044gd0000c8qduhjc77ufo4vhu490	1676960999962	1.796126
