0.218 11 0 0.6663276109408773
0.979104205426844 21391 1 244.9
0 5 2 0.06946942237437599
0 4957 3 53.3
0 687 4 10.717974963083034
0 44 5 0.7919829526355471
0 3185 6 45.9
0 2663 7 20.923059093928085
0 1551 8 23.478517255971454
5.831692147436435 1657 9 11.391025651035118
0 13 10 0.2848595461991299
0 1858 11 11.943049055583408
0 198 12 2.215477192204188
0 407 13 3.1159964264020856
0 372 14 5.556802577296716
0 2036 15 27.1
0 2424 16 25.92573168524225
0 1367 17 9.87040513011005
0 218 18 3.5793918379916194
0 573 19 5.13897400379607
0 54 20 0.3309390415203838
0 5798 21 20.0
0 77 22 1.2941540036879404
0 3 23 0.01578462764012352
0 348 24 2.9810953992130145
0 202 25 1.6112101873676659
0 44 26 0.2741415122801001
0 80 27 0.5290934144427579
0 2076 28 8.369149827823735
0 233 29 2.3823350087743407
0 448 30 7.971622730066978
0 1467 31 3.111343245217105
0 233 32 4.531538579864599
0 1260 33 10.5
0 608 34 9.485599924429405
0 88 35 1.150561103151515
0 174 36 1.8535972448528426
1.415867382467976 4632 37 13.030596688086717
0 233 38 1.3213661755128614
0 11 39 0.20859273050937233
0 734 40 5.159644296121521
0 642 41 3.160354986456058
0 4293 42 39.5
0 78 43 0.6285334199278929
0 23 44 0.2207034758849792
0 88 45 0.5605152867217995
0 339 46 2.1565098079904756
0 1302 47 11.234837384807271
0 258 48 2.250916783199682
0 646 49 6.7904638732971545
0 353 50 3.586483816191727
0 186 51 1.6938715021409245
0 439 52 3.60694328905633
0 319 53 1.0647594031887657
0 3570 54 28.1
0 238 55 1.092268834499439
0 1853 56 27.2
0 18650 57 248.0
0 3409 58 23.159182269181176
0 287 59 3.997733358342459
0 352 60 3.9221889650076354
0 2281 61 22.2813296264324
0 786 62 16.0
0 1593 63 13.980083943251953
0 657 64 9.257753857133647
0 872 65 13.416156634618494
0 381 66 8.23598674053328
0 511 67 7.973189359869254
0 417 68 9.743099989353308
0 11732 69 151.03493924562514
0 752 70 7.633334442973559
0 869 71 9.199244664445283
0 199 72 2.525427595164446
0 439 73 7.0339881436732785
0 2042 74 18.3
0 995 75 20.74304466574343
0 495 76 3.3626747181513723
0 153 77 1.2764588977403648
0 714 78 13.955363235273564
0 1581 79 20.576513640174085
0 506 80 2.6083174568961467
